2025-05-05 22:38:44,703 - INFO - Starting AI-targeted ransomware simulation...
2025-05-05 22:38:44,774 - INFO - Created test executable: C:\Users\siwar\Downloads\ransomware-detection\monitored_documents\malicious_0.exe
2025-05-05 22:38:44,959 - INFO - Created test executable: C:\Users\siwar\Downloads\ransomware-detection\monitored_documents\malicious_1.exe
2025-05-05 22:38:45,132 - INFO - Created test executable: C:\Users\siwar\Downloads\ransomware-detection\monitored_documents\malicious_2.exe
2025-05-05 22:38:45,429 - INFO - Simulated encryption on: C:\Users\siwar\Downloads\ransomware-detection\monitored_documents\test_file_0.txt
2025-05-05 22:38:45,600 - INFO - Simulated encryption on: C:\Users\siwar\Downloads\ransomware-detection\monitored_documents\test_file_0.txt
2025-05-05 22:38:45,787 - INFO - Simulated encryption on: C:\Users\siwar\Downloads\ransomware-detection\monitored_documents\test_file_0.txt
2025-05-05 22:38:46,019 - INFO - Simulated encryption on: C:\Users\siwar\Downloads\ransomware-detection\monitored_documents\test_file_1.txt
2025-05-05 22:38:46,190 - INFO - Simulated encryption on: C:\Users\siwar\Downloads\ransomware-detection\monitored_documents\test_file_1.txt
2025-05-05 22:38:46,347 - INFO - Simulated encryption on: C:\Users\siwar\Downloads\ransomware-detection\monitored_documents\test_file_1.txt
2025-05-05 22:38:46,533 - INFO - Simulated encryption on: C:\Users\siwar\Downloads\ransomware-detection\monitored_documents\test_file_2.txt
2025-05-05 22:38:46,702 - INFO - Simulated encryption on: C:\Users\siwar\Downloads\ransomware-detection\monitored_documents\test_file_2.txt
2025-05-05 22:38:46,952 - INFO - Simulated encryption on: C:\Users\siwar\Downloads\ransomware-detection\monitored_documents\test_file_3.txt
2025-05-05 22:38:47,137 - INFO - Simulated encryption on: C:\Users\siwar\Downloads\ransomware-detection\monitored_documents\test_file_3.txt
2025-05-05 22:38:47,293 - INFO - Simulated encryption on: C:\Users\siwar\Downloads\ransomware-detection\monitored_documents\test_file_3.txt
2025-05-05 22:38:47,450 - INFO - Simulated encryption on: C:\Users\siwar\Downloads\ransomware-detection\monitored_documents\test_file_3.txt
2025-05-05 22:38:47,604 - INFO - Simulated encryption on: C:\Users\siwar\Downloads\ransomware-detection\monitored_documents\test_file_3.txt
2025-05-05 22:38:47,806 - INFO - Simulated encryption on: C:\Users\siwar\Downloads\ransomware-detection\monitored_documents\test_file_4.txt
2025-05-05 22:38:47,962 - INFO - Simulated encryption on: C:\Users\siwar\Downloads\ransomware-detection\monitored_documents\test_file_4.txt
2025-05-05 22:38:48,210 - INFO - Simulated encryption on: C:\Users\siwar\Downloads\ransomware-detection\monitored_documents\test_file_5.txt
2025-05-05 22:38:48,398 - INFO - Simulated encryption on: C:\Users\siwar\Downloads\ransomware-detection\monitored_documents\test_file_5.txt
2025-05-05 22:38:48,616 - INFO - Simulated encryption on: C:\Users\siwar\Downloads\ransomware-detection\monitored_documents\test_file_6.txt
2025-05-05 22:38:48,788 - INFO - Simulated encryption on: C:\Users\siwar\Downloads\ransomware-detection\monitored_documents\test_file_6.txt
2025-05-05 22:38:48,930 - INFO - Simulated encryption on: C:\Users\siwar\Downloads\ransomware-detection\monitored_documents\test_file_6.txt
2025-05-05 22:38:49,116 - INFO - Simulated encryption on: C:\Users\siwar\Downloads\ransomware-detection\monitored_documents\test_file_6.txt
2025-05-05 22:38:49,320 - INFO - Simulated encryption on: C:\Users\siwar\Downloads\ransomware-detection\monitored_documents\test_file_6.txt
2025-05-05 22:38:49,509 - INFO - Simulated encryption on: C:\Users\siwar\Downloads\ransomware-detection\monitored_documents\test_file_7.txt
2025-05-05 22:38:49,664 - INFO - Simulated encryption on: C:\Users\siwar\Downloads\ransomware-detection\monitored_documents\test_file_7.txt
2025-05-05 22:38:49,868 - INFO - Simulated encryption on: C:\Users\siwar\Downloads\ransomware-detection\monitored_documents\test_file_7.txt
2025-05-05 22:38:50,023 - INFO - Simulated encryption on: C:\Users\siwar\Downloads\ransomware-detection\monitored_documents\test_file_7.txt
2025-05-05 22:38:50,099 - INFO - Ransom note created: C:\Users\siwar\Downloads\ransomware-detection\monitored_documents\DECRYPT_FILES.txt
2025-05-05 22:38:52,705 - INFO - Simulated high CPU usage.
2025-05-05 22:38:52,705 - INFO - Ransomware simulation completed.
